android-app/app/build/intermediates/manifest_merge_blame_file/release/manifest-merger-blame-release-report.txt
1<?xml version="1.0" encoding="utf-8"?>
2<manifest xmlns:android="http://schemas.android.com/apk/res/android"
3    package="com.touchline.manager"
4    android:versionCode="1"
5    android:versionName="1.0.0" >
6
7    <uses-sdk
8        android:minSdkVersion="24"
9        android:targetSdkVersion="34" />
10
11    <uses-permission android:name="android.permission.INTERNET" />
11-->src/main/AndroidManifest.xml:3:5-67
11-->src/main/AndroidManifest.xml:3:22-64
12    <uses-permission android:name="android.permission.ACCESS_NETWORK_STATE" />
12-->src/main/AndroidManifest.xml:4:5-79
12-->src/main/AndroidManifest.xml:4:22-76
13    <uses-permission android:name="android.permission.VIBRATE" />
13-->src/main/AndroidManifest.xml:5:5-66
13-->src/main/AndroidManifest.xml:5:22-63
14
15    <application
15-->src/main/AndroidManifest.xml:6:5-24:19
16        android:allowBackup="true"
16-->src/main/AndroidManifest.xml:10:9-35
17        android:extractNativeLibs="false"
18        android:hardwareAccelerated="true"
18-->src/main/AndroidManifest.xml:12:9-43
19        android:icon="@mipmap/ic_launcher"
19-->src/main/AndroidManifest.xml:8:9-43
20        android:label="Touchline Manager"
20-->src/main/AndroidManifest.xml:7:9-42
21        android:theme="@android:style/Theme.NoTitleBar.Fullscreen"
21-->src/main/AndroidManifest.xml:9:9-67
22        android:usesCleartextTraffic="true" >
22-->src/main/AndroidManifest.xml:11:9-44
23        <activity
23-->src/main/AndroidManifest.xml:13:9-23:20
24            android:name="com.touchline.manager.MainActivity"
24-->src/main/AndroidManifest.xml:14:13-41
25            android:configChanges="orientation|screenSize|keyboardHidden|screenLayout"
25-->src/main/AndroidManifest.xml:17:13-87
26            android:exported="true"
26-->src/main/AndroidManifest.xml:16:13-36
27            android:label="Touchline Manager"
27-->src/main/AndroidManifest.xml:15:13-46
28            android:windowSoftInputMode="adjustResize" >
28-->src/main/AndroidManifest.xml:18:13-55
29            <intent-filter>
29-->src/main/AndroidManifest.xml:19:13-22:29
30                <action android:name="android.intent.action.MAIN" />
30-->src/main/AndroidManifest.xml:20:17-69
30-->src/main/AndroidManifest.xml:20:25-66
31
32                <category android:name="android.intent.category.LAUNCHER" />
32-->src/main/AndroidManifest.xml:21:17-77
32-->src/main/AndroidManifest.xml:21:27-74
33            </intent-filter>
34        </activity>
35    </application>
36
37</manifest>